<?xml version="1.0" encoding="UTF-8"?>
<!-- Generated by org.testng.reporters.JUnitReportReporter -->
<testsuite hostname="DESKTOP-DS6L76P" failures="0" tests="1" name="com.qa.fifa.SearchTest" time="7.804" errors="0" timestamp="2022-12-04T12:00:16 EST" skipped="0">
  <testcase classname="com.qa.fifa.SearchTest" name="validateSearch" time="7.804"/>
  <system-out/>
</testsuite> <!-- com.qa.fifa.SearchTest -->
